{
"contracts/ERC777TokensRecipientMock.sol":{"l":{"29":0,"31":0,"46":0,"49":0},"path":"/Users/Alex./Desktop/Beginning/ERC777/contracts/ERC777TokensRecipientMock.sol","s":{"1":0,"2":0,"3":0,"4":0},"b":{"1":[0,0]},"f":{"1":0,"2":0},"fnMap":{"1":{"name":"constructor","line":28,"loc":{"start":{"line":28,"column":4},"end":{"line":36,"column":4}}},"2":{"name":"tokensReceived","line":38,"loc":{"start":{"line":38,"column":4},"end":{"line":50,"column":4}}}},"statementMap":{"1":{"start":{"line":29,"column":8},"end":{"line":29,"column":30}},"2":{"start":{"line":31,"column":8},"end":{"line":31,"column":868}},"3":{"start":{"line":46,"column":8},"end":{"line":46,"column":62}},"4":{"start":{"line":49,"column":8},"end":{"line":49,"column":73}}},"branchMap":{"1":{"line":46,"type":"if","locations":[{"start":{"line":46,"column":8},"end":{"line":46,"column":8}},{"start":{"line":46,"column":8},"end":{"line":46,"column":8}}]}}},
"contracts/ERC777TokensSenderMock.sol":{"l":{"22":0,"33":0},"path":"/Users/Alex./Desktop/Beginning/ERC777/contracts/ERC777TokensSenderMock.sol","s":{"1":0,"2":0},"b":{},"f":{"1":0,"2":0},"fnMap":{"1":{"name":"senderFor","line":21,"loc":{"start":{"line":21,"column":4},"end":{"line":23,"column":4}}},"2":{"name":"tokensToSend","line":25,"loc":{"start":{"line":25,"column":4},"end":{"line":34,"column":4}}}},"statementMap":{"1":{"start":{"line":22,"column":8},"end":{"line":22,"column":74}},"2":{"start":{"line":33,"column":8},"end":{"line":33,"column":73}}},"branchMap":{}},
"contracts/Token.sol":{"l":{"8":0,"10":0},"path":"/Users/Alex./Desktop/Beginning/ERC777/contracts/Token.sol","s":{"1":0,"2":0},"b":{},"f":{"1":0},"fnMap":{"1":{"name":"constructor","line":7,"loc":{"start":{"line":7,"column":4},"end":{"line":11,"column":4}}}},"statementMap":{"1":{"start":{"line":8,"column":8},"end":{"line":8,"column":39}},"2":{"start":{"line":10,"column":8},"end":{"line":10,"column":46}}},"branchMap":{}}}
