TN:
SF:/Users/Alex./Desktop/Beginning/ERC777/contracts/ERC777TokensRecipientMock.sol
FN:28,constructor
FN:38,tokensReceived
FNF:2
FNH:0
FNDA:0,constructor
FNDA:0,tokensReceived
DA:29,0
DA:31,0
DA:46,0
DA:49,0
LF:4
LH:0
BRDA:46,1,0,0
BRDA:46,1,1,0
BRF:2
BRH:0
end_of_record
TN:
SF:/Users/Alex./Desktop/Beginning/ERC777/contracts/ERC777TokensSenderMock.sol
FN:21,senderFor
FN:25,tokensToSend
FNF:2
FNH:0
FNDA:0,senderFor
FNDA:0,tokensToSend
DA:22,0
DA:33,0
LF:2
LH:0
BRF:0
BRH:0
end_of_record
TN:
SF:/Users/Alex./Desktop/Beginning/ERC777/contracts/Token.sol
FN:7,constructor
FNF:1
FNH:0
FNDA:0,constructor
DA:8,0
DA:10,0
LF:2
LH:0
BRF:0
BRH:0
end_of_record
